  ConsoleControlHandler.cpp
  DataBaseManager.cpp
  Room.cpp
  Global.cpp
  IOCP.cpp
  LockGuard.cpp
  LoginManager.cpp
  LoginState.cpp
  LogManager.cpp
E:\KoreaIt\Github Clone\FN_S\LogManager.cpp(79,68): warning C4267: '=': 'size_t'에서 'int'(으)로 변환하면서 데이터가 손실될 수 있습니다.
  main.cpp
E:\KoreaIt\Github Clone\FN_S\main.cpp(8,12): warning C4244: '인수': 'time_t'에서 'unsigned int'(으)로 변환하면서 데이터가 손실될 수 있습니다.
  MainManager.cpp
E:\KoreaIt\Github Clone\FN_S\MainManager.cpp(119,15): warning C4101: 'l_clientAddress' :참조되지 않은 지역 변수입니다.
  Packet.cpp
  ProtocolExtension.cpp
  RoomManager.cpp
  Session.cpp
  SessionManager.cpp
  Socket.cpp
  MyStream.cpp
  GameManager.cpp
  TestState.cpp
  코드를 생성하고 있습니다...
E:\KoreaIt\Github Clone\FN_S\MainManager.cpp(166): warning C4715: 'MainManager::RecvProcess': 모든 제어 경로에서 값을 반환하지는 않습니다.
E:\KoreaIt\Github Clone\FN_S\MainManager.cpp(207): warning C4715: 'MainManager::AcceptProcess': 모든 제어 경로에서 값을 반환하지는 않습니다.
  컴파일하고 있습니다...
  Util.cpp
  코드를 생성하고 있습니다...
  IOCP_Server.vcxproj -> E:\KoreaIt\Github Clone\FN_S\x64\Debug\IOCP_Server.exe
